<?xml version="1.0" encoding="UTF-8"?>
<!-- Generated by org.testng.reporters.JUnitXMLReporter -->
<testsuite ignored="2" hostname="Sandhya" failures="0" tests="5" name="JRISignInPageValidations1" time="12.114" errors="0" timestamp="2022-12-25T16:22:21 CST">
  <testcase classname="testng.TS_002" name="@BeforeMethod TC_010" time="0.094">
    <failure type="org.openqa.selenium.NoSuchSessionException" message="invalid session id
Build info: version: &amp;apos;4.7.1&amp;apos;, revision: &amp;apos;c6795baf1a3&amp;apos;
System info: os.name: &amp;apos;Windows 11&amp;apos;, os.arch: &amp;apos;amd64&amp;apos;, os.version: &amp;apos;10.0&amp;apos;, java.version: &amp;apos;17.0.5&amp;apos;
Driver info: org.openqa.selenium.chrome.ChromeDriver
Command: [6d5c847ab0d18e35eef1aab4b4be71bf, maximizeCurrentWindow {}]
Capabilities {acceptInsecureCerts: false, browserName: chrome, browserVersion: 108.0.5359.125, chrome: {chromedriverVersion: 108.0.5359.71 (1e0e3868ee06..., userDataDir: C:\Users\sandh\AppData\Loca...}, goog:chromeOptions: {debuggerAddress: localhost:53155}, networkConnectionEnabled: false, pageLoadStrategy: normal, platformName: WINDOWS, proxy: Proxy(), se:cdp: ws://localhost:53155/devtoo..., se:cdpVersion: 108.0.5359.125, setWindowRect: true, strictFileInteractability: false, timeouts: {implicit: 0, pageLoad: 300000, script: 30000}, unhandledPromptBehavior: dismiss and notify, webauthn:extension:credBlob: true, webauthn:extension:largeBlob: true, webauthn:virtualAuthenticators: true}
Session ID: 6d5c847ab0d18e35eef1aab4b4be71bf">
      <![CDATA[org.openqa.selenium.NoSuchSessionException: invalid session id
Build info: version: '4.7.1', revision: 'c6795baf1a3'
System info: os.name: 'Windows 11', os.arch: 'amd64', os.version: '10.0', java.version: '17.0.5'
Driver info: org.openqa.selenium.chrome.ChromeDriver
Command: [6d5c847ab0d18e35eef1aab4b4be71bf, maximizeCurrentWindow {}]
Capabilities {acceptInsecureCerts: false, browserName: chrome, browserVersion: 108.0.5359.125, chrome: {chromedriverVersion: 108.0.5359.71 (1e0e3868ee06..., userDataDir: C:\Users\sandh\AppData\Loca...}, goog:chromeOptions: {debuggerAddress: localhost:53155}, networkConnectionEnabled: false, pageLoadStrategy: normal, platformName: WINDOWS, proxy: Proxy(), se:cdp: ws://localhost:53155/devtoo..., se:cdpVersion: 108.0.5359.125, setWindowRect: true, strictFileInteractability: false, timeouts: {implicit: 0, pageLoad: 300000, script: 30000}, unhandledPromptBehavior: dismiss and notify, webauthn:extension:credBlob: true, webauthn:extension:largeBlob: true, webauthn:virtualAuthenticators: true}
Session ID: 6d5c847ab0d18e35eef1aab4b4be71bf
at org.openqa.selenium.remote.codec.w3c.W3CHttpResponseCodec.createException(W3CHttpResponseCodec.java:200)
at org.openqa.selenium.remote.codec.w3c.W3CHttpResponseCodec.decode(W3CHttpResponseCodec.java:133)
at org.openqa.selenium.remote.codec.w3c.W3CHttpResponseCodec.decode(W3CHttpResponseCodec.java:53)
at org.openqa.selenium.remote.HttpCommandExecutor.execute(HttpCommandExecutor.java:184)
at org.openqa.selenium.remote.service.DriverCommandExecutor.invokeExecute(DriverCommandExecutor.java:167)
at org.openqa.selenium.remote.service.DriverCommandExecutor.execute(DriverCommandExecutor.java:142)
at org.openqa.selenium.remote.RemoteWebDriver.execute(RemoteWebDriver.java:551)
at org.openqa.selenium.remote.RemoteWebDriver.execute(RemoteWebDriver.java:606)
at org.openqa.selenium.remote.RemoteWebDriver.execute(RemoteWebDriver.java:610)
at org.openqa.selenium.remote.RemoteWebDriver$RemoteWebDriverOptions$RemoteWindow.maximize(RemoteWebDriver.java:962)
at testng.TS_002.TC_010(TS_002.java:25)
at java.base/java.util.ArrayList.forEach(ArrayList.java:1511)
... Removed 36 stack frames]]>
    </failure>
  </testcase> <!-- @BeforeMethod TC_010 -->
  <testcase classname="testng.TS_002" name="@AfterMethod TC_020" time="0.0">
    <skipped/>
  </testcase> <!-- @AfterMethod TC_020 -->
  <testcase classname="testng.TS_002" name="@BeforeMethod TC_010" time="0.0">
    <skipped/>
  </testcase> <!-- @BeforeMethod TC_010 -->
  <testcase classname="testng.TS_002" name="@AfterMethod TC_020" time="0.0">
    <skipped/>
  </testcase> <!-- @AfterMethod TC_020 -->
  <testcase classname="testng.TS_002" name="@BeforeMethod TC_010" time="0.0">
    <skipped/>
  </testcase> <!-- @BeforeMethod TC_010 -->
  <testcase classname="testng.TS_002" name="@AfterMethod TC_020" time="0.0">
    <skipped/>
  </testcase> <!-- @AfterMethod TC_020 -->
  <testcase classname="testng.TS_002" name="@BeforeMethod TC_010" time="0.0">
    <skipped/>
  </testcase> <!-- @BeforeMethod TC_010 -->
  <testcase classname="testng.TS_002" name="@AfterMethod TC_020" time="0.0">
    <skipped/>
  </testcase> <!-- @AfterMethod TC_020 -->
  <testcase classname="testng.TS_002" name="TC_011" time="3.85"/>
  <testcase classname="testng.TS_002" name="TC_012" time="0.0">
    <skipped/>
  </testcase> <!-- TC_012 -->
  <testcase classname="testng.TS_002" name="TC_013" time="0.0">
    <skipped/>
  </testcase> <!-- TC_013 -->
  <testcase classname="testng.TS_002" name="TC_016" time="0.0">
    <skipped/>
  </testcase> <!-- TC_016 -->
  <testcase classname="testng.TS_002" name="TC_017" time="0.0">
    <skipped/>
  </testcase> <!-- TC_017 -->
  <testcase classname="testng.TS_002" name="TC_018" time="0.0">
    <ignored/>
  </testcase> <!-- TC_018 -->
  <testcase classname="testng.TS_002" name="TC_019" time="0.0">
    <ignored/>
  </testcase> <!-- TC_019 -->
</testsuite> <!-- JRISignInPageValidations1 -->
